1685113023170	geckodriver	INFO	Listening on 127.0.0.1:51200
1685113026173	mozrunner::runner	INFO	Running command: "C:\\Program Files\\Mozilla Firefox\\firefox.exe" "--marionette" "--remote-debugging-port" "51201" "--remote-allow-hosts" "localhost" "-no-remote" "-profile" "C:\\Users\\nithi\\AppData\\Local\\Temp\\rust_mozprofilefdozN9"
1685113027041	Marionette	INFO	Marionette enabled
1685113027047	Marionette	INFO	Listening on port 51236
Read port: 51236
console.error: Policies.jsm: 
  Download failed - ERROR_NETWORK_FAILURE - file:///C:/Program%20Files%20(x86)/Micro%20Focus/UFT%20One/Installations/Firefox/WebExtension.xpi
WebDriver BiDi listening on ws://127.0.0.1:51201
1685113027251	RemoteAgent	WARN	TLS certificate errors will be ignored for this session
console.warn: SearchSettings: "get: No settings file exists, new profile?" (new NotFoundError("Could not open the file at C:\\Users\\nithi\\AppData\\Local\\Temp\\rust_mozprofilefdozN9\\search.json.mozlz4", (void 0)))
DevTools listening on ws://127.0.0.1:51201/devtools/browser/cf7934f7-9ea7-4432-8281-3b71c0230a14
console.warn: LoginRecipes: "Falling back to a synchronous message for: https://woocommerce-850415-2933260.cloudwaysapps.com."
console.warn: LoginRecipes: "Falling back to a synchronous message for: https://woocommerce-850415-2933260.cloudwaysapps.com."
1685113032942	Marionette	INFO	Stopped listening on port 51236
WARNING: A blocker encountered an error while we were waiting.
          Blocker:  Waiting for ping task
          Phase: TelemetryController: Waiting for pending ping activity
          State: (none)
WARNING: Error: Phase "profile-before-change" is finished, it is too late to register completion condition "OS.File: flush I/O queued before profileBeforeChange"
WARNING: addBlocker@resource://gre/modules/AsyncShutdown.jsm:703:15
addBlocker@resource://gre/modules/AsyncShutdown.jsm:511:26
addBlocker@resource://gre/modules/AsyncShutdown.jsm:450:15
setupShutdown@resource://gre/modules/osfile/osfile_async_front.jsm:1563:28
@resource://gre/modules/osfile/osfile_async_front.jsm:1583:16
@resource://gre/modules/osfile.jsm:12:30
@resource://gre/modules/TelemetryStorage.jsm:19:28
promiseArchivePing@resource://gre/modules/TelemetryArchive.jsm:103:5
promiseArchivePing@resource://gre/modules/TelemetryArchive.jsm:63:33
_submitPingLogic@resource://gre/modules/TelemetryControllerParent.jsm:540:48
send@resource://gre/modules/TelemetryControllerParent.jsm:628:24
submitExternalPing@resource://gre/modules/TelemetryControllerParent.jsm:182:17
sendPing@resource://gre/modules/EventPing.jsm:51:30
_submitPing@resource://gre/modules/EventPing.jsm:229:12
shutdown@resource://gre/modules/EventPing.jsm:112:10
_cleanupOnShutdown@resource://gre/modules/TelemetryControllerParent.jsm:940:31
shutdown/<@resource://gre/modules/TelemetryControllerParent.jsm:1010:24
observe@resource://gre/modules/AsyncShutdown.jsm:560:16

WARNING: A blocker encountered an error while we were waiting.
          Blocker:  Waiting for ping task
          Phase: TelemetryController: Waiting for pending ping activity
          State: (none)
WARNING: Error: Phase "profile-before-change" is finished, it is too late to register completion condition "OS.File: flush I/O queued before profileBeforeChange"
WARNING: addBlocker@resource://gre/modules/AsyncShutdown.jsm:703:15
addBlocker@resource://gre/modules/AsyncShutdown.jsm:511:26
addBlocker@resource://gre/modules/AsyncShutdown.jsm:450:15
setupShutdown@resource://gre/modules/osfile/osfile_async_front.jsm:1563:28
@resource://gre/modules/osfile/osfile_async_front.jsm:1583:16
@resource://gre/modules/osfile.jsm:12:30
@resource://gre/modules/TelemetryStorage.jsm:19:28
promiseArchivePing@resource://gre/modules/TelemetryArchive.jsm:103:5
promiseArchivePing@resource://gre/modules/TelemetryArchive.jsm:63:33
_submitPingLogic@resource://gre/modules/TelemetryControllerParent.jsm:540:48
send@resource://gre/modules/TelemetryControllerParent.jsm:628:24
submitExternalPing@resource://gre/modules/TelemetryControllerParent.jsm:182:17
saveShutdownPings@resource://gre/modules/TelemetrySession.jsm:982:34
shutdownChromeProcess/cleanup/<@resource://gre/modules/TelemetrySession.jsm:1232:20
cleanup@resource://gre/modules/TelemetrySession.jsm:1239:9
shutdownChromeProcess@resource://gre/modules/TelemetrySession.jsm:1256:14
shutdown@resource://gre/modules/TelemetrySession.jsm:247:17
_cleanupOnShutdown@resource://gre/modules/TelemetryControllerParent.jsm:959:35
observe@resource://gre/modules/AsyncShutdown.jsm:560:16

WARNING: A blocker encountered an error while we were waiting.
          Blocker:  Waiting for ping task
          Phase: TelemetryController: Waiting for pending ping activity
          State: (none)
WARNING: Error: Phase "profile-before-change" is finished, it is too late to register completion condition "OS.File: flush I/O queued before profileBeforeChange"
WARNING: addBlocker@resource://gre/modules/AsyncShutdown.jsm:703:15
addBlocker@resource://gre/modules/AsyncShutdown.jsm:511:26
addBlocker@resource://gre/modules/AsyncShutdown.jsm:450:15
setupShutdown@resource://gre/modules/osfile/osfile_async_front.jsm:1563:28
@resource://gre/modules/osfile/osfile_async_front.jsm:1583:16
@resource://gre/modules/osfile.jsm:12:30
@resource://gre/modules/TelemetryStorage.jsm:19:28
promiseArchivePing@resource://gre/modules/TelemetryArchive.jsm:103:5
promiseArchivePing@resource://gre/modules/TelemetryArchive.jsm:63:33
_submitPingLogic@resource://gre/modules/TelemetryControllerParent.jsm:540:48
send@resource://gre/modules/TelemetryControllerParent.jsm:628:24
submitExternalPing@resource://gre/modules/TelemetryControllerParent.jsm:182:17
saveShutdownPings@resource://gre/modules/TelemetrySession.jsm:1014:36
shutdownChromeProcess/cleanup/<@resource://gre/modules/TelemetrySession.jsm:1232:20
cleanup@resource://gre/modules/TelemetrySession.jsm:1239:9
shutdownChromeProcess@resource://gre/modules/TelemetrySession.jsm:1256:14
shutdown@resource://gre/modules/TelemetrySession.jsm:247:17
_cleanupOnShutdown@resource://gre/modules/TelemetryControllerParent.jsm:959:35
observe@resource://gre/modules/AsyncShutdown.jsm:560:16

WARNING: A blocker encountered an error while we were waiting.
          Blocker:  TelemetryController: shutting down
          Phase: profile-before-change-telemetry
          State: Error getting state: Error: Phase "profile-before-change" is finished, it is too late to register completion condition "OS.File: flush I/O queued before profileBeforeChange" at addBlocker@resource://gre/modules/AsyncShutdown.jsm:703:15
addBlocker@resource://gre/modules/AsyncShutdown.jsm:511:26
addBlocker@resource://gre/modules/AsyncShutdown.jsm:450:15
setupShutdown@resource://gre/modules/osfile/osfile_async_front.jsm:1563:28
@resource://gre/modules/osfile/osfile_async_front.jsm:1583:16
@resource://gre/modules/osfile.jsm:12:30
@resource://gre/modules/TelemetryStorage.jsm:19:28
getShutdownState@resource://gre/modules/TelemetrySend.jsm:1687:7
getShutdownState@resource://gre/modules/TelemetrySend.jsm:369:30
_getState@resource://gre/modules/TelemetryControllerParent.jsm:1058:38
setupTelemetry/<@resource://gre/modules/TelemetryControllerParent.jsm:917:18
safeGetState@resource://gre/modules/AsyncShutdown.jsm:242:17
Barrier/addBlocker/promise<@resource://gre/modules/AsyncShutdown.jsm:751:20
observe@resource://gre/modules/AsyncShutdown.jsm:560:16

WARNING: Error: Phase "profile-before-change" is finished, it is too late to register completion condition "OS.File: flush I/O queued before profileBeforeChange"
WARNING: addBlocker@resource://gre/modules/AsyncShutdown.jsm:703:15
addBlocker@resource://gre/modules/AsyncShutdown.jsm:511:26
addBlocker@resource://gre/modules/AsyncShutdown.jsm:450:15
setupShutdown@resource://gre/modules/osfile/osfile_async_front.jsm:1563:28
@resource://gre/modules/osfile/osfile_async_front.jsm:1583:16
@resource://gre/modules/osfile.jsm:12:30
@resource://gre/modules/TelemetryStorage.jsm:19:28
removeAbortedSessionPing@resource://gre/modules/TelemetryControllerParent.jsm:721:5
removeAbortedSessionPing@resource://gre/modules/TelemetryControllerParent.jsm:249:17
shutdownChromeProcess/cleanup/<@resource://gre/modules/TelemetrySession.jsm:1235:42
observe@resource://gre/modules/AsyncShutdown.jsm:560:16

JavaScript error: resource://gre/modules/AsyncShutdown.jsm, line 703: Error: Phase "profile-before-change" is finished, it is too late to register completion condition "OS.File: flush I/O queued before profileBeforeChange"
JavaScript error: resource://gre/modules/AsyncShutdown.jsm, line 703: Error: Phase "profile-before-change" is finished, it is too late to register completion condition "OS.File: flush I/O queued before profileBeforeChange"
JavaScript error: resource://gre/modules/AsyncShutdown.jsm, line 703: Error: Phase "profile-before-change" is finished, it is too late to register completion condition "OS.File: flush I/O queued before profileBeforeChange"
JavaScript error: resource://gre/modules/AsyncShutdown.jsm, line 703: Error: Phase "profile-before-change" is finished, it is too late to register completion condition "OS.File: flush I/O queued before profileBeforeChange"
JavaScript error: resource://gre/modules/AsyncShutdown.jsm, line 703: Error: Phase "profile-before-change" is finished, it is too late to register completion condition "OS.File: flush I/O queued before profileBeforeChange"
JavaScript error: resource://gre/modules/AsyncShutdown.jsm, line 703: Error: Phase "profile-before-change" is finished, it is too late to register completion condition "OS.File: flush I/O queued before profileBeforeChange"
1685113033953	geckodriver	INFO	Listening on 127.0.0.1:51292
1685113036993	mozrunner::runner	INFO	Running command: "C:\\Program Files\\Mozilla Firefox\\firefox.exe" "--marionette" "--remote-debugging-port" "51293" "--remote-allow-hosts" "localhost" "-no-remote" "-profile" "C:\\Users\\nithi\\AppData\\Local\\Temp\\rust_mozprofilecufS5U"
1685113037339	Marionette	INFO	Marionette enabled
1685113037343	Marionette	INFO	Listening on port 51305
Read port: 51305
console.error: Policies.jsm: 
  Download failed - ERROR_NETWORK_FAILURE - file:///C:/Program%20Files%20(x86)/Micro%20Focus/UFT%20One/Installations/Firefox/WebExtension.xpi
WebDriver BiDi listening on ws://127.0.0.1:51293
1685113037512	RemoteAgent	WARN	TLS certificate errors will be ignored for this session
console.warn: SearchSettings: "get: No settings file exists, new profile?" (new NotFoundError("Could not open the file at C:\\Users\\nithi\\AppData\\Local\\Temp\\rust_mozprofilecufS5U\\search.json.mozlz4", (void 0)))
DevTools listening on ws://127.0.0.1:51293/devtools/browser/899ff9ba-88ea-4f89-9d1b-bdd5e64b3868
1685113040245	Marionette	INFO	Stopped listening on port 51305
1685114493160	geckodriver	INFO	Listening on 127.0.0.1:52216
1685114496204	mozrunner::runner	INFO	Running command: "C:\\Program Files\\Mozilla Firefox\\firefox.exe" "--marionette" "--remote-debugging-port" "52217" "--remote-allow-hosts" "localhost" "-no-remote" "-profile" "C:\\Users\\nithi\\AppData\\Local\\Temp\\rust_mozprofilevdeknO"
1685114496806	Marionette	INFO	Marionette enabled
1685114496811	Marionette	INFO	Listening on port 52229
Read port: 52229
console.error: Policies.jsm: 
  Download failed - ERROR_NETWORK_FAILURE - file:///C:/Program%20Files%20(x86)/Micro%20Focus/UFT%20One/Installations/Firefox/WebExtension.xpi
WebDriver BiDi listening on ws://127.0.0.1:52217
1685114496981	RemoteAgent	WARN	TLS certificate errors will be ignored for this session
console.warn: SearchSettings: "get: No settings file exists, new profile?" (new NotFoundError("Could not open the file at C:\\Users\\nithi\\AppData\\Local\\Temp\\rust_mozprofilevdeknO\\search.json.mozlz4", (void 0)))
DevTools listening on ws://127.0.0.1:52217/devtools/browser/b663ccc6-5646-410e-bb23-23377c1b671e
JavaScript error: resource://gre/modules/XULStore.jsm, line 58: Error: Can't find profile directory.
JavaScript error: resource://gre/modules/XULStore.jsm, line 58: Error: Can't find profile directory.
1685114500571	Marionette	INFO	Stopped listening on port 52229
